<?xml version="1.0" encoding="UTF-8"?>
<!-- Generated by org.testng.reporters.JUnitReportReporter -->
<testsuite hostname="TYSS-Rakesh" failures="0" tests="1" name="Sample.TC001Test" time="4.717" errors="0" timestamp="2023-11-24T11:36:09 IST" skipped="0">
  <testcase classname="Sample.TC001Test" name="demo1" time="4.717"/>
  <system-out/>
</testsuite> <!-- Sample.TC001Test -->
